# JRE version: Java(TM) SE Runtime Environment (8.0_102-b14) (build 1.8.0_102-b14)
# Java VM: Java HotSpot(TM) 64-Bit Server VM (25.102-b14 mixed mode windows-amd64 compressed oops)
Heap:
 PSYoungGen      total 71168K, used 16294K [0x00000000eb500000, 0x00000000f4200000, 0x0000000100000000)
  eden space 64000K, 25% used [0x00000000eb500000,0x00000000ec4e9930,0x00000000ef380000)
  from space 7168K, 0% used [0x00000000ef380000,0x00000000ef380000,0x00000000efa80000)
  to   space 8192K, 0% used [0x00000000f3a00000,0x00000000f3a00000,0x00000000f4200000)
 ParOldGen       total 29184K, used 8842K [0x00000000c1e00000, 0x00000000c3a80000, 0x00000000eb500000)
  object space 29184K, 30% used [0x00000000c1e00000,0x00000000c26a2a18,0x00000000c3a80000)
 Metaspace       used 23522K, capacity 24114K, committed 24192K, reserved 1075200K
  class space    used 2998K, capacity 3161K, committed 3200K, reserved 1048576K
GC Heap History (10 events):
Event: 3.744 GC heap after
Heap after GC invocations=4 (full 0):
 PSYoungGen      total 35328K, used 2545K [0x00000000eb500000, 0x00000000eda00000, 0x0000000100000000)
  eden space 32768K, 0% used [0x00000000eb500000,0x00000000eb500000,0x00000000ed500000)
  from space 2560K, 99% used [0x00000000ed780000,0x00000000ed9fc5d8,0x00000000eda00000)
  to   space 2560K, 0% used [0x00000000ed500000,0x00000000ed500000,0x00000000ed780000)
 ParOldGen       total 44032K, used 1770K [0x00000000c1e00000, 0x00000000c4900000, 0x00000000eb500000)
  object space 44032K, 4% used [0x00000000c1e00000,0x00000000c1fbab00,0x00000000c4900000)
 Metaspace       used 8995K, capacity 9256K, committed 9472K, reserved 1056768K
  class space    used 1083K, capacity 1171K, committed 1280K, reserved 1048576K
}
Event: 4.162 GC heap before
{Heap before GC invocations=5 (full 0):
 PSYoungGen      total 35328K, used 35313K [0x00000000eb500000, 0x00000000eda00000, 0x0000000100000000)
  eden space 32768K, 100% used [0x00000000eb500000,0x00000000ed500000,0x00000000ed500000)
  from space 2560K, 99% used [0x00000000ed780000,0x00000000ed9fc5d8,0x00000000eda00000)
  to   space 2560K, 0% used [0x00000000ed500000,0x00000000ed500000,0x00000000ed780000)
 ParOldGen       total 44032K, used 1770K [0x00000000c1e00000, 0x00000000c4900000, 0x00000000eb500000)
  object space 44032K, 4% used [0x00000000c1e00000,0x00000000c1fbab00,0x00000000c4900000)
 Metaspace       used 12824K, capacity 13266K, committed 13312K, reserved 1060864K
  class space    used 1624K, capacity 1753K, committed 1792K, reserved 1048576K
Event: 4.174 GC heap after
Heap after GC invocations=5 (full 0):
 PSYoungGen      total 35328K, used 2531K [0x00000000eb500000, 0x00000000f0000000, 0x0000000100000000)
  eden space 32768K, 0% used [0x00000000eb500000,0x00000000eb500000,0x00000000ed500000)
  from space 2560K, 98% used [0x00000000ed500000,0x00000000ed778fc8,0x00000000ed780000)
  to   space 5632K, 0% used [0x00000000efa80000,0x00000000efa80000,0x00000000f0000000)
 ParOldGen       total 44032K, used 4495K [0x00000000c1e00000, 0x00000000c4900000, 0x00000000eb500000)
  object space 44032K, 10% used [0x00000000c1e00000,0x00000000c2263ed0,0x00000000c4900000)
 Metaspace       used 12824K, capacity 13266K, committed 13312K, reserved 1060864K
  class space    used 1624K, capacity 1753K, committed 1792K, reserved 1048576K
}
Event: 4.508 GC heap before
{Heap before GC invocations=6 (full 0):
 PSYoungGen      total 35328K, used 35299K [0x00000000eb500000, 0x00000000f0000000, 0x0000000100000000)
  eden space 32768K, 100% used [0x00000000eb500000,0x00000000ed500000,0x00000000ed500000)
  from space 2560K, 98% used [0x00000000ed500000,0x00000000ed778fc8,0x00000000ed780000)
  to   space 5632K, 0% used [0x00000000efa80000,0x00000000efa80000,0x00000000f0000000)
 ParOldGen       total 44032K, used 4495K [0x00000000c1e00000, 0x00000000c4900000, 0x00000000eb500000)
  object space 44032K, 10% used [0x00000000c1e00000,0x00000000c2263ed0,0x00000000c4900000)
 Metaspace       used 16544K, capacity 17052K, committed 17152K, reserved 1064960K
  class space    used 2117K, capacity 2262K, committed 2304K, reserved 1048576K
Event: 4.536 GC heap after
Heap after GC invocations=6 (full 0):
 PSYoungGen      total 69632K, used 5602K [0x00000000eb500000, 0x00000000f0300000, 0x0000000100000000)
  eden space 64000K, 0% used [0x00000000eb500000,0x00000000eb500000,0x00000000ef380000)
  from space 5632K, 99% used [0x00000000efa80000,0x00000000efff88b8,0x00000000f0000000)
  to   space 7168K, 0% used [0x00000000ef380000,0x00000000ef380000,0x00000000efa80000)
 ParOldGen       total 44032K, used 5347K [0x00000000c1e00000, 0x00000000c4900000, 0x00000000eb500000)
  object space 44032K, 12% used [0x00000000c1e00000,0x00000000c2338d68,0x00000000c4900000)
 Metaspace       used 16544K, capacity 17052K, committed 17152K, reserved 1064960K
  class space    used 2117K, capacity 2262K, committed 2304K, reserved 1048576K
}
Event: 4.923 GC heap before
{Heap before GC invocations=7 (full 0):
 PSYoungGen      total 69632K, used 35507K [0x00000000eb500000, 0x00000000f0300000, 0x0000000100000000)
  eden space 64000K, 46% used [0x00000000eb500000,0x00000000ed234590,0x00000000ef380000)
  from space 5632K, 99% used [0x00000000efa80000,0x00000000efff88b8,0x00000000f0000000)
  to   space 7168K, 0% used [0x00000000ef380000,0x00000000ef380000,0x00000000efa80000)
 ParOldGen       total 44032K, used 5347K [0x00000000c1e00000, 0x00000000c4900000, 0x00000000eb500000)
  object space 44032K, 12% used [0x00000000c1e00000,0x00000000c2338d68,0x00000000c4900000)
 Metaspace       used 20631K, capacity 21162K, committed 21248K, reserved 1067008K
  class space    used 2627K, capacity 2781K, committed 2816K, reserved 1048576K
Event: 4.933 GC heap after
Heap after GC invocations=7 (full 0):
 PSYoungGen      total 71168K, used 6359K [0x00000000eb500000, 0x00000000f4200000, 0x0000000100000000)
  eden space 64000K, 0% used [0x00000000eb500000,0x00000000eb500000,0x00000000ef380000)
  from space 7168K, 88% used [0x00000000ef380000,0x00000000ef9b5f58,0x00000000efa80000)
  to   space 8192K, 0% used [0x00000000f3a00000,0x00000000f3a00000,0x00000000f4200000)
 ParOldGen       total 44032K, used 6474K [0x00000000c1e00000, 0x00000000c4900000, 0x00000000eb500000)
  object space 44032K, 14% used [0x00000000c1e00000,0x00000000c24528c8,0x00000000c4900000)
 Metaspace       used 20631K, capacity 21162K, committed 21248K, reserved 1067008K
  class space    used 2627K, capacity 2781K, committed 2816K, reserved 1048576K
}
Event: 4.933 GC heap before
{Heap before GC invocations=8 (full 1):
 PSYoungGen      total 71168K, used 6359K [0x00000000eb500000, 0x00000000f4200000, 0x0000000100000000)
  eden space 64000K, 0% used [0x00000000eb500000,0x00000000eb500000,0x00000000ef380000)
  from space 7168K, 88% used [0x00000000ef380000,0x00000000ef9b5f58,0x00000000efa80000)
  to   space 8192K, 0% used [0x00000000f3a00000,0x00000000f3a00000,0x00000000f4200000)
 ParOldGen       total 44032K, used 6474K [0x00000000c1e00000, 0x00000000c4900000, 0x00000000eb500000)
  object space 44032K, 14% used [0x00000000c1e00000,0x00000000c24528c8,0x00000000c4900000)
 Metaspace       used 20631K, capacity 21162K, committed 21248K, reserved 1067008K
  class space    used 2627K, capacity 2781K, committed 2816K, reserved 1048576K
Event: 4.967 GC heap after
Heap after GC invocations=8 (full 1):
 PSYoungGen      total 71168K, used 0K [0x00000000eb500000, 0x00000000f4200000, 0x0000000100000000)
  eden space 64000K, 0% used [0x00000000eb500000,0x00000000eb500000,0x00000000ef380000)
  from space 7168K, 0% used [0x00000000ef380000,0x00000000ef380000,0x00000000efa80000)
  to   space 8192K, 0% used [0x00000000f3a00000,0x00000000f3a00000,0x00000000f4200000)
 ParOldGen       total 29184K, used 8842K [0x00000000c1e00000, 0x00000000c3a80000, 0x00000000eb500000)
  object space 29184K, 30% used [0x00000000c1e00000,0x00000000c26a2a18,0x00000000c3a80000)
 Metaspace       used 20631K, capacity 21162K, committed 21248K, reserved 1067008K
  class space    used 2627K, capacity 2781K, committed 2816K, reserved 1048576K
}
Event: 5.356 GC heap before
{Heap before GC invocations=9 (full 1):
 PSYoungGen      total 71168K, used 16294K [0x00000000eb500000, 0x00000000f4200000, 0x0000000100000000)
  eden space 64000K, 25% used [0x00000000eb500000,0x00000000ec4e9930,0x00000000ef380000)
  from space 7168K, 0% used [0x00000000ef380000,0x00000000ef380000,0x00000000efa80000)
  to   space 8192K, 0% used [0x00000000f3a00000,0x00000000f3a00000,0x00000000f4200000)
 ParOldGen       total 29184K, used 8842K [0x00000000c1e00000, 0x00000000c3a80000, 0x00000000eb500000)
  object space 29184K, 30% used [0x00000000c1e00000,0x00000000c26a2a18,0x00000000c3a80000)
 Metaspace       used 23522K, capacity 24114K, committed 24192K, reserved 1075200K
  class space    used 2998K, capacity 3161K, committed 3200K, reserved 1048576K

