# JRE version: Java(TM) SE Runtime Environment (8.0_102-b14) (build 1.8.0_102-b14)
# Java VM: Java HotSpot(TM) 64-Bit Server VM (25.102-b14 mixed mode windows-amd64 compressed oops)
Heap:
 PSYoungGen      total 234496K, used 13312K [0x00000000eb500000, 0x00000000fab80000, 0x0000000100000000)
  eden space 217600K, 2% used [0x00000000eb500000,0x00000000eb9ce9f8,0x00000000f8980000)
  from space 16896K, 49% used [0x00000000f9b00000,0x00000000fa3319d0,0x00000000fab80000)
  to   space 17408K, 0% used [0x00000000f8980000,0x00000000f8980000,0x00000000f9a80000)
 ParOldGen       total 65024K, used 28335K [0x00000000c1e00000, 0x00000000c5d80000, 0x00000000eb500000)
  object space 65024K, 43% used [0x00000000c1e00000,0x00000000c39abd10,0x00000000c5d80000)
 Metaspace       used 57333K, capacity 59858K, committed 60072K, reserved 1101824K
  class space    used 7598K, capacity 8062K, committed 8104K, reserved 1048576K
GC Heap History (10 events):
Event: 209.104 GC heap before
{Heap before GC invocations=18 (full 3):
 PSYoungGen      total 191488K, used 173568K [0x00000000eb500000, 0x00000000f8180000, 0x0000000100000000)
  eden space 173568K, 100% used [0x00000000eb500000,0x00000000f5e80000,0x00000000f5e80000)
  from space 17920K, 0% used [0x00000000f7000000,0x00000000f7000000,0x00000000f8180000)
  to   space 17920K, 0% used [0x00000000f5e80000,0x00000000f5e80000,0x00000000f7000000)
 ParOldGen       total 65024K, used 30690K [0x00000000c1e00000, 0x00000000c5d80000, 0x00000000eb500000)
  object space 65024K, 47% used [0x00000000c1e00000,0x00000000c3bf8940,0x00000000c5d80000)
 Metaspace       used 56503K, capacity 58914K, committed 59048K, reserved 1099776K
  class space    used 7550K, capacity 8013K, committed 8104K, reserved 1048576K
Event: 209.290 GC heap after
Heap after GC invocations=18 (full 3):
 PSYoungGen      total 191488K, used 9657K [0x00000000eb500000, 0x00000000fac80000, 0x0000000100000000)
  eden space 173568K, 0% used [0x00000000eb500000,0x00000000eb500000,0x00000000f5e80000)
  from space 17920K, 53% used [0x00000000f5e80000,0x00000000f67ee4b0,0x00000000f7000000)
  to   space 17920K, 0% used [0x00000000f9b00000,0x00000000f9b00000,0x00000000fac80000)
 ParOldGen       total 65024K, used 30698K [0x00000000c1e00000, 0x00000000c5d80000, 0x00000000eb500000)
  object space 65024K, 47% used [0x00000000c1e00000,0x00000000c3bfa940,0x00000000c5d80000)
 Metaspace       used 56503K, capacity 58914K, committed 59048K, reserved 1099776K
  class space    used 7550K, capacity 8013K, committed 8104K, reserved 1048576K
}
Event: 260.025 GC heap before
{Heap before GC invocations=19 (full 3):
 PSYoungGen      total 191488K, used 44052K [0x00000000eb500000, 0x00000000fac80000, 0x0000000100000000)
  eden space 173568K, 19% used [0x00000000eb500000,0x00000000ed696cb0,0x00000000f5e80000)
  from space 17920K, 53% used [0x00000000f5e80000,0x00000000f67ee4b0,0x00000000f7000000)
  to   space 17920K, 0% used [0x00000000f9b00000,0x00000000f9b00000,0x00000000fac80000)
 ParOldGen       total 65024K, used 30698K [0x00000000c1e00000, 0x00000000c5d80000, 0x00000000eb500000)
  object space 65024K, 47% used [0x00000000c1e00000,0x00000000c3bfa940,0x00000000c5d80000)
 Metaspace       used 56641K, capacity 59026K, committed 59304K, reserved 1099776K
  class space    used 7556K, capacity 8022K, committed 8104K, reserved 1048576K
Event: 260.047 GC heap after
Heap after GC invocations=19 (full 3):
 PSYoungGen      total 234496K, used 4224K [0x00000000eb500000, 0x00000000fab80000, 0x0000000100000000)
  eden space 217600K, 0% used [0x00000000eb500000,0x00000000eb500000,0x00000000f8980000)
  from space 16896K, 25% used [0x00000000f9b00000,0x00000000f9f20000,0x00000000fab80000)
  to   space 17408K, 0% used [0x00000000f8980000,0x00000000f8980000,0x00000000f9a80000)
 ParOldGen       total 65024K, used 30698K [0x00000000c1e00000, 0x00000000c5d80000, 0x00000000eb500000)
  object space 65024K, 47% used [0x00000000c1e00000,0x00000000c3bfa940,0x00000000c5d80000)
 Metaspace       used 56641K, capacity 59026K, committed 59304K, reserved 1099776K
  class space    used 7556K, capacity 8022K, committed 8104K, reserved 1048576K
}
Event: 260.047 GC heap before
{Heap before GC invocations=20 (full 4):
 PSYoungGen      total 234496K, used 4224K [0x00000000eb500000, 0x00000000fab80000, 0x0000000100000000)
  eden space 217600K, 0% used [0x00000000eb500000,0x00000000eb500000,0x00000000f8980000)
  from space 16896K, 25% used [0x00000000f9b00000,0x00000000f9f20000,0x00000000fab80000)
  to   space 17408K, 0% used [0x00000000f8980000,0x00000000f8980000,0x00000000f9a80000)
 ParOldGen       total 65024K, used 30698K [0x00000000c1e00000, 0x00000000c5d80000, 0x00000000eb500000)
  object space 65024K, 47% used [0x00000000c1e00000,0x00000000c3bfa940,0x00000000c5d80000)
 Metaspace       used 56641K, capacity 59026K, committed 59304K, reserved 1099776K
  class space    used 7556K, capacity 8022K, committed 8104K, reserved 1048576K
Event: 260.265 GC heap after
Heap after GC invocations=20 (full 4):
 PSYoungGen      total 234496K, used 0K [0x00000000eb500000, 0x00000000fab80000, 0x0000000100000000)
  eden space 217600K, 0% used [0x00000000eb500000,0x00000000eb500000,0x00000000f8980000)
  from space 16896K, 0% used [0x00000000f9b00000,0x00000000f9b00000,0x00000000fab80000)
  to   space 17408K, 0% used [0x00000000f8980000,0x00000000f8980000,0x00000000f9a80000)
 ParOldGen       total 65024K, used 28327K [0x00000000c1e00000, 0x00000000c5d80000, 0x00000000eb500000)
  object space 65024K, 43% used [0x00000000c1e00000,0x00000000c39a9d10,0x00000000c5d80000)
 Metaspace       used 56638K, capacity 59020K, committed 59304K, reserved 1099776K
  class space    used 7556K, capacity 8020K, committed 8104K, reserved 1048576K
}
Event: 358.372 GC heap before
{Heap before GC invocations=21 (full 4):
 PSYoungGen      total 234496K, used 217600K [0x00000000eb500000, 0x00000000fab80000, 0x0000000100000000)
  eden space 217600K, 100% used [0x00000000eb500000,0x00000000f8980000,0x00000000f8980000)
  from space 16896K, 0% used [0x00000000f9b00000,0x00000000f9b00000,0x00000000fab80000)
  to   space 17408K, 0% used [0x00000000f8980000,0x00000000f8980000,0x00000000f9a80000)
 ParOldGen       total 65024K, used 28327K [0x00000000c1e00000, 0x00000000c5d80000, 0x00000000eb500000)
  object space 65024K, 43% used [0x00000000c1e00000,0x00000000c39a9d10,0x00000000c5d80000)
 Metaspace       used 56983K, capacity 59408K, committed 59560K, reserved 1101824K
  class space    used 7585K, capacity 8046K, committed 8104K, reserved 1048576K
Event: 358.416 GC heap after
Heap after GC invocations=21 (full 4):
 PSYoungGen      total 235008K, used 8451K [0x00000000eb500000, 0x00000000fab80000, 0x0000000100000000)
  eden space 217600K, 0% used [0x00000000eb500000,0x00000000eb500000,0x00000000f8980000)
  from space 17408K, 48% used [0x00000000f8980000,0x00000000f91c0ec0,0x00000000f9a80000)
  to   space 16896K, 0% used [0x00000000f9b00000,0x00000000f9b00000,0x00000000fab80000)
 ParOldGen       total 65024K, used 28327K [0x00000000c1e00000, 0x00000000c5d80000, 0x00000000eb500000)
  object space 65024K, 43% used [0x00000000c1e00000,0x00000000c39a9d10,0x00000000c5d80000)
 Metaspace       used 56983K, capacity 59408K, committed 59560K, reserved 1101824K
  class space    used 7585K, capacity 8046K, committed 8104K, reserved 1048576K
}
Event: 403.214 GC heap before
{Heap before GC invocations=22 (full 4):
 PSYoungGen      total 235008K, used 226051K [0x00000000eb500000, 0x00000000fab80000, 0x0000000100000000)
  eden space 217600K, 100% used [0x00000000eb500000,0x00000000f8980000,0x00000000f8980000)
  from space 17408K, 48% used [0x00000000f8980000,0x00000000f91c0ec0,0x00000000f9a80000)
  to   space 16896K, 0% used [0x00000000f9b00000,0x00000000f9b00000,0x00000000fab80000)
 ParOldGen       total 65024K, used 28327K [0x00000000c1e00000, 0x00000000c5d80000, 0x00000000eb500000)
  object space 65024K, 43% used [0x00000000c1e00000,0x00000000c39a9d10,0x00000000c5d80000)
 Metaspace       used 57322K, capacity 59858K, committed 60072K, reserved 1101824K
  class space    used 7598K, capacity 8062K, committed 8104K, reserved 1048576K
Event: 403.224 GC heap after
Heap after GC invocations=22 (full 4):
 PSYoungGen      total 234496K, used 8390K [0x00000000eb500000, 0x00000000fab80000, 0x0000000100000000)
  eden space 217600K, 0% used [0x00000000eb500000,0x00000000eb500000,0x00000000f8980000)
  from space 16896K, 49% used [0x00000000f9b00000,0x00000000fa3319d0,0x00000000fab80000)
  to   space 17408K, 0% used [0x00000000f8980000,0x00000000f8980000,0x00000000f9a80000)
 ParOldGen       total 65024K, used 28335K [0x00000000c1e00000, 0x00000000c5d80000, 0x00000000eb500000)
  object space 65024K, 43% used [0x00000000c1e00000,0x00000000c39abd10,0x00000000c5d80000)
 Metaspace       used 57322K, capacity 59858K, committed 60072K, reserved 1101824K
  class space    used 7598K, capacity 8062K, committed 8104K, reserved 1048576K
}

