# JRE version: Java(TM) SE Runtime Environment (8.0_102-b14) (build 1.8.0_102-b14)
# Java VM: Java HotSpot(TM) 64-Bit Server VM (25.102-b14 mixed mode windows-amd64 compressed oops)
Heap:
 PSYoungGen      total 181248K, used 14702K [0x00000000eb500000, 0x00000000f7d00000, 0x0000000100000000)
  eden space 167936K, 8% used [0x00000000eb500000,0x00000000ec35b840,0x00000000f5900000)
  from space 13312K, 0% used [0x00000000f5900000,0x00000000f5900000,0x00000000f6600000)
  to   space 12800K, 0% used [0x00000000f6600000,0x00000000f6600000,0x00000000f7280000)
 ParOldGen       total 28672K, used 19464K [0x00000000c1e00000, 0x00000000c3a00000, 0x00000000eb500000)
  object space 28672K, 67% used [0x00000000c1e00000,0x00000000c3102360,0x00000000c3a00000)
 Metaspace       used 35029K, capacity 36564K, committed 36656K, reserved 1081344K
  class space    used 4554K, capacity 4860K, committed 4912K, reserved 1048576K
GC Heap History (10 events):
Event: 4.293 GC heap before
{Heap before GC invocations=9 (full 1):
 PSYoungGen      total 71680K, used 64000K [0x00000000eb500000, 0x00000000f4100000, 0x0000000100000000)
  eden space 64000K, 100% used [0x00000000eb500000,0x00000000ef380000,0x00000000ef380000)
  from space 7680K, 0% used [0x00000000ef380000,0x00000000ef380000,0x00000000efb00000)
  to   space 7680K, 0% used [0x00000000f3980000,0x00000000f3980000,0x00000000f4100000)
 ParOldGen       total 28672K, used 6174K [0x00000000c1e00000, 0x00000000c3a00000, 0x00000000eb500000)
  object space 28672K, 21% used [0x00000000c1e00000,0x00000000c2407bb8,0x00000000c3a00000)
 Metaspace       used 24460K, capacity 25130K, committed 25392K, reserved 1071104K
  class space    used 3158K, capacity 3335K, committed 3376K, reserved 1048576K
Event: 4.316 GC heap after
Heap after GC invocations=9 (full 1):
 PSYoungGen      total 122880K, used 7677K [0x00000000eb500000, 0x00000000f4100000, 0x0000000100000000)
  eden space 115200K, 0% used [0x00000000eb500000,0x00000000eb500000,0x00000000f2580000)
  from space 7680K, 99% used [0x00000000f3980000,0x00000000f40ff458,0x00000000f4100000)
  to   space 9728K, 0% used [0x00000000f2e00000,0x00000000f2e00000,0x00000000f3780000)
 ParOldGen       total 28672K, used 8321K [0x00000000c1e00000, 0x00000000c3a00000, 0x00000000eb500000)
  object space 28672K, 29% used [0x00000000c1e00000,0x00000000c2620588,0x00000000c3a00000)
 Metaspace       used 24460K, capacity 25130K, committed 25392K, reserved 1071104K
  class space    used 3158K, capacity 3335K, committed 3376K, reserved 1048576K
}
Event: 5.553 GC heap before
{Heap before GC invocations=10 (full 1):
 PSYoungGen      total 122880K, used 122877K [0x00000000eb500000, 0x00000000f4100000, 0x0000000100000000)
  eden space 115200K, 100% used [0x00000000eb500000,0x00000000f2580000,0x00000000f2580000)
  from space 7680K, 99% used [0x00000000f3980000,0x00000000f40ff458,0x00000000f4100000)
  to   space 9728K, 0% used [0x00000000f2e00000,0x00000000f2e00000,0x00000000f3780000)
 ParOldGen       total 28672K, used 8321K [0x00000000c1e00000, 0x00000000c3a00000, 0x00000000eb500000)
  object space 28672K, 29% used [0x00000000c1e00000,0x00000000c2620588,0x00000000c3a00000)
 Metaspace       used 28515K, capacity 29540K, committed 29616K, reserved 1075200K
  class space    used 3727K, capacity 3944K, committed 4016K, reserved 1048576K
Event: 5.569 GC heap after
Heap after GC invocations=10 (full 1):
 PSYoungGen      total 133632K, used 9709K [0x00000000eb500000, 0x00000000f7280000, 0x0000000100000000)
  eden space 123904K, 0% used [0x00000000eb500000,0x00000000eb500000,0x00000000f2e00000)
  from space 9728K, 99% used [0x00000000f2e00000,0x00000000f377b500,0x00000000f3780000)
  to   space 12800K, 0% used [0x00000000f6600000,0x00000000f6600000,0x00000000f7280000)
 ParOldGen       total 28672K, used 12199K [0x00000000c1e00000, 0x00000000c3a00000, 0x00000000eb500000)
  object space 28672K, 42% used [0x00000000c1e00000,0x00000000c29e9f38,0x00000000c3a00000)
 Metaspace       used 28515K, capacity 29540K, committed 29616K, reserved 1075200K
  class space    used 3727K, capacity 3944K, committed 4016K, reserved 1048576K
}
Event: 7.010 GC heap before
{Heap before GC invocations=11 (full 1):
 PSYoungGen      total 133632K, used 133570K [0x00000000eb500000, 0x00000000f7280000, 0x0000000100000000)
  eden space 123904K, 99% used [0x00000000eb500000,0x00000000f2df5318,0x00000000f2e00000)
  from space 9728K, 99% used [0x00000000f2e00000,0x00000000f377b500,0x00000000f3780000)
  to   space 12800K, 0% used [0x00000000f6600000,0x00000000f6600000,0x00000000f7280000)
 ParOldGen       total 28672K, used 12199K [0x00000000c1e00000, 0x00000000c3a00000, 0x00000000eb500000)
  object space 28672K, 42% used [0x00000000c1e00000,0x00000000c29e9f38,0x00000000c3a00000)
 Metaspace       used 32691K, capacity 34236K, committed 34608K, reserved 1079296K
  class space    used 4254K, capacity 4546K, committed 4656K, reserved 1048576K
Event: 7.024 GC heap after
Heap after GC invocations=11 (full 1):
 PSYoungGen      total 180736K, used 9695K [0x00000000eb500000, 0x00000000f7d00000, 0x0000000100000000)
  eden space 167936K, 0% used [0x00000000eb500000,0x00000000eb500000,0x00000000f5900000)
  from space 12800K, 75% used [0x00000000f6600000,0x00000000f6f77c10,0x00000000f7280000)
  to   space 13312K, 0% used [0x00000000f5900000,0x00000000f5900000,0x00000000f6600000)
 ParOldGen       total 28672K, used 18631K [0x00000000c1e00000, 0x00000000c3a00000, 0x00000000eb500000)
  object space 28672K, 64% used [0x00000000c1e00000,0x00000000c3031cb0,0x00000000c3a00000)
 Metaspace       used 32691K, capacity 34236K, committed 34608K, reserved 1079296K
  class space    used 4254K, capacity 4546K, committed 4656K, reserved 1048576K
}
Event: 7.698 GC heap before
{Heap before GC invocations=12 (full 1):
 PSYoungGen      total 180736K, used 46530K [0x00000000eb500000, 0x00000000f7d00000, 0x0000000100000000)
  eden space 167936K, 21% used [0x00000000eb500000,0x00000000ed8f8d50,0x00000000f5900000)
  from space 12800K, 75% used [0x00000000f6600000,0x00000000f6f77c10,0x00000000f7280000)
  to   space 13312K, 0% used [0x00000000f5900000,0x00000000f5900000,0x00000000f6600000)
 ParOldGen       total 28672K, used 18631K [0x00000000c1e00000, 0x00000000c3a00000, 0x00000000eb500000)
  object space 28672K, 64% used [0x00000000c1e00000,0x00000000c3031cb0,0x00000000c3a00000)
 Metaspace       used 33860K, capacity 35432K, committed 35496K, reserved 1079296K
  class space    used 4415K, capacity 4722K, committed 4784K, reserved 1048576K
Event: 7.712 GC heap after
Heap after GC invocations=12 (full 1):
 PSYoungGen      total 181248K, used 2173K [0x00000000eb500000, 0x00000000f7d00000, 0x0000000100000000)
  eden space 167936K, 0% used [0x00000000eb500000,0x00000000eb500000,0x00000000f5900000)
  from space 13312K, 16% used [0x00000000f5900000,0x00000000f5b1f788,0x00000000f6600000)
  to   space 12800K, 0% used [0x00000000f6600000,0x00000000f6600000,0x00000000f7280000)
 ParOldGen       total 28672K, used 25284K [0x00000000c1e00000, 0x00000000c3a00000, 0x00000000eb500000)
  object space 28672K, 88% used [0x00000000c1e00000,0x00000000c36b11f0,0x00000000c3a00000)
 Metaspace       used 33860K, capacity 35432K, committed 35496K, reserved 1079296K
  class space    used 4415K, capacity 4722K, committed 4784K, reserved 1048576K
}
Event: 7.712 GC heap before
{Heap before GC invocations=13 (full 2):
 PSYoungGen      total 181248K, used 2173K [0x00000000eb500000, 0x00000000f7d00000, 0x0000000100000000)
  eden space 167936K, 0% used [0x00000000eb500000,0x00000000eb500000,0x00000000f5900000)
  from space 13312K, 16% used [0x00000000f5900000,0x00000000f5b1f788,0x00000000f6600000)
  to   space 12800K, 0% used [0x00000000f6600000,0x00000000f6600000,0x00000000f7280000)
 ParOldGen       total 28672K, used 25284K [0x00000000c1e00000, 0x00000000c3a00000, 0x00000000eb500000)
  object space 28672K, 88% used [0x00000000c1e00000,0x00000000c36b11f0,0x00000000c3a00000)
 Metaspace       used 33860K, capacity 35432K, committed 35496K, reserved 1079296K
  class space    used 4415K, capacity 4722K, committed 4784K, reserved 1048576K
Event: 7.789 GC heap after
Heap after GC invocations=13 (full 2):
 PSYoungGen      total 181248K, used 0K [0x00000000eb500000, 0x00000000f7d00000, 0x0000000100000000)
  eden space 167936K, 0% used [0x00000000eb500000,0x00000000eb500000,0x00000000f5900000)
  from space 13312K, 0% used [0x00000000f5900000,0x00000000f5900000,0x00000000f6600000)
  to   space 12800K, 0% used [0x00000000f6600000,0x00000000f6600000,0x00000000f7280000)
 ParOldGen       total 28672K, used 19464K [0x00000000c1e00000, 0x00000000c3a00000, 0x00000000eb500000)
  object space 28672K, 67% used [0x00000000c1e00000,0x00000000c3102360,0x00000000c3a00000)
 Metaspace       used 33860K, capacity 35432K, committed 35496K, reserved 1079296K
  class space    used 4415K, capacity 4722K, committed 4784K, reserved 1048576K
}

