# JRE version: Java(TM) SE Runtime Environment (8.0_102-b14) (build 1.8.0_102-b14)
# Java VM: Java HotSpot(TM) 64-Bit Server VM (25.102-b14 mixed mode windows-amd64 compressed oops)
Heap:
 PSYoungGen      total 171008K, used 32079K [0x00000000eb500000, 0x00000000f9e80000, 0x0000000100000000)
  eden space 157696K, 11% used [0x00000000eb500000,0x00000000ec7592c0,0x00000000f4f00000)
  from space 13312K, 99% used [0x00000000f9180000,0x00000000f9e7ac20,0x00000000f9e80000)
  to   space 13312K, 0% used [0x00000000f4f00000,0x00000000f4f00000,0x00000000f5c00000)
 ParOldGen       total 54784K, used 24906K [0x00000000c1e00000, 0x00000000c5380000, 0x00000000eb500000)
  object space 54784K, 45% used [0x00000000c1e00000,0x00000000c3652840,0x00000000c5380000)
 Metaspace       used 50035K, capacity 52099K, committed 52264K, reserved 1093632K
  class space    used 6730K, capacity 7119K, committed 7208K, reserved 1048576K
GC Heap History (10 events):
Event: 4.047 GC heap before
{Heap before GC invocations=10 (full 1):
 PSYoungGen      total 119296K, used 119272K [0x00000000eb500000, 0x00000000f4100000, 0x0000000100000000)
  eden space 111616K, 100% used [0x00000000eb500000,0x00000000f2200000,0x00000000f2200000)
  from space 7680K, 99% used [0x00000000f3980000,0x00000000f40fa048,0x00000000f4100000)
  to   space 9728K, 0% used [0x00000000f2e00000,0x00000000f2e00000,0x00000000f3780000)
 ParOldGen       total 30720K, used 8487K [0x00000000c1e00000, 0x00000000c3c00000, 0x00000000eb500000)
  object space 30720K, 27% used [0x00000000c1e00000,0x00000000c2649db0,0x00000000c3c00000)
 Metaspace       used 28403K, capacity 29408K, committed 29616K, reserved 1075200K
  class space    used 3712K, capacity 3944K, committed 4016K, reserved 1048576K
Event: 4.063 GC heap after
Heap after GC invocations=10 (full 1):
 PSYoungGen      total 133632K, used 9718K [0x00000000eb500000, 0x00000000f6880000, 0x0000000100000000)
  eden space 123904K, 0% used [0x00000000eb500000,0x00000000eb500000,0x00000000f2e00000)
  from space 9728K, 99% used [0x00000000f2e00000,0x00000000f377dad0,0x00000000f3780000)
  to   space 12800K, 0% used [0x00000000f5c00000,0x00000000f5c00000,0x00000000f6880000)
 ParOldGen       total 30720K, used 12050K [0x00000000c1e00000, 0x00000000c3c00000, 0x00000000eb500000)
  object space 30720K, 39% used [0x00000000c1e00000,0x00000000c29c49d8,0x00000000c3c00000)
 Metaspace       used 28403K, capacity 29408K, committed 29616K, reserved 1075200K
  class space    used 3712K, capacity 3944K, committed 4016K, reserved 1048576K
}
Event: 36.048 GC heap before
{Heap before GC invocations=11 (full 1):
 PSYoungGen      total 133632K, used 133614K [0x00000000eb500000, 0x00000000f6880000, 0x0000000100000000)
  eden space 123904K, 99% used [0x00000000eb500000,0x00000000f2dfdea8,0x00000000f2e00000)
  from space 9728K, 99% used [0x00000000f2e00000,0x00000000f377dad0,0x00000000f3780000)
  to   space 12800K, 0% used [0x00000000f5c00000,0x00000000f5c00000,0x00000000f6880000)
 ParOldGen       total 30720K, used 12050K [0x00000000c1e00000, 0x00000000c3c00000, 0x00000000eb500000)
  object space 30720K, 39% used [0x00000000c1e00000,0x00000000c29c49d8,0x00000000c3c00000)
 Metaspace       used 32732K, capacity 34236K, committed 34608K, reserved 1079296K
  class space    used 4254K, capacity 4546K, committed 4656K, reserved 1048576K
Event: 36.067 GC heap after
Heap after GC invocations=11 (full 1):
 PSYoungGen      total 170496K, used 9655K [0x00000000eb500000, 0x00000000f7600000, 0x0000000100000000)
  eden space 157696K, 0% used [0x00000000eb500000,0x00000000eb500000,0x00000000f4f00000)
  from space 12800K, 75% used [0x00000000f5c00000,0x00000000f656dd18,0x00000000f6880000)
  to   space 13312K, 0% used [0x00000000f4f00000,0x00000000f4f00000,0x00000000f5c00000)
 ParOldGen       total 30720K, used 18451K [0x00000000c1e00000, 0x00000000c3c00000, 0x00000000eb500000)
  object space 30720K, 60% used [0x00000000c1e00000,0x00000000c3004f60,0x00000000c3c00000)
 Metaspace       used 32732K, capacity 34236K, committed 34608K, reserved 1079296K
  class space    used 4254K, capacity 4546K, committed 4656K, reserved 1048576K
}
Event: 38.907 GC heap before
{Heap before GC invocations=12 (full 1):
 PSYoungGen      total 170496K, used 46614K [0x00000000eb500000, 0x00000000f7600000, 0x0000000100000000)
  eden space 157696K, 23% used [0x00000000eb500000,0x00000000ed917d40,0x00000000f4f00000)
  from space 12800K, 75% used [0x00000000f5c00000,0x00000000f656dd18,0x00000000f6880000)
  to   space 13312K, 0% used [0x00000000f4f00000,0x00000000f4f00000,0x00000000f5c00000)
 ParOldGen       total 30720K, used 18451K [0x00000000c1e00000, 0x00000000c3c00000, 0x00000000eb500000)
  object space 30720K, 60% used [0x00000000c1e00000,0x00000000c3004f60,0x00000000c3c00000)
 Metaspace       used 33906K, capacity 35445K, committed 35496K, reserved 1079296K
  class space    used 4418K, capacity 4725K, committed 4776K, reserved 1048576K
Event: 38.921 GC heap after
Heap after GC invocations=12 (full 1):
 PSYoungGen      total 171008K, used 2291K [0x00000000eb500000, 0x00000000f9e80000, 0x0000000100000000)
  eden space 157696K, 0% used [0x00000000eb500000,0x00000000eb500000,0x00000000f4f00000)
  from space 13312K, 17% used [0x00000000f4f00000,0x00000000f513cec0,0x00000000f5c00000)
  to   space 13312K, 0% used [0x00000000f9180000,0x00000000f9180000,0x00000000f9e80000)
 ParOldGen       total 30720K, used 25129K [0x00000000c1e00000, 0x00000000c3c00000, 0x00000000eb500000)
  object space 30720K, 81% used [0x00000000c1e00000,0x00000000c368a4a0,0x00000000c3c00000)
 Metaspace       used 33906K, capacity 35445K, committed 35496K, reserved 1079296K
  class space    used 4418K, capacity 4725K, committed 4776K, reserved 1048576K
}
Event: 38.921 GC heap before
{Heap before GC invocations=13 (full 2):
 PSYoungGen      total 171008K, used 2291K [0x00000000eb500000, 0x00000000f9e80000, 0x0000000100000000)
  eden space 157696K, 0% used [0x00000000eb500000,0x00000000eb500000,0x00000000f4f00000)
  from space 13312K, 17% used [0x00000000f4f00000,0x00000000f513cec0,0x00000000f5c00000)
  to   space 13312K, 0% used [0x00000000f9180000,0x00000000f9180000,0x00000000f9e80000)
 ParOldGen       total 30720K, used 25129K [0x00000000c1e00000, 0x00000000c3c00000, 0x00000000eb500000)
  object space 30720K, 81% used [0x00000000c1e00000,0x00000000c368a4a0,0x00000000c3c00000)
 Metaspace       used 33906K, capacity 35445K, committed 35496K, reserved 1079296K
  class space    used 4418K, capacity 4725K, committed 4776K, reserved 1048576K
Event: 38.993 GC heap after
Heap after GC invocations=13 (full 2):
 PSYoungGen      total 171008K, used 0K [0x00000000eb500000, 0x00000000f9e80000, 0x0000000100000000)
  eden space 157696K, 0% used [0x00000000eb500000,0x00000000eb500000,0x00000000f4f00000)
  from space 13312K, 0% used [0x00000000f4f00000,0x00000000f4f00000,0x00000000f5c00000)
  to   space 13312K, 0% used [0x00000000f9180000,0x00000000f9180000,0x00000000f9e80000)
 ParOldGen       total 54784K, used 19602K [0x00000000c1e00000, 0x00000000c5380000, 0x00000000eb500000)
  object space 54784K, 35% used [0x00000000c1e00000,0x00000000c3124820,0x00000000c5380000)
 Metaspace       used 33906K, capacity 35445K, committed 35496K, reserved 1079296K
  class space    used 4418K, capacity 4725K, committed 4776K, reserved 1048576K
}
Event: 47.871 GC heap before
{Heap before GC invocations=14 (full 2):
 PSYoungGen      total 171008K, used 157696K [0x00000000eb500000, 0x00000000f9e80000, 0x0000000100000000)
  eden space 157696K, 100% used [0x00000000eb500000,0x00000000f4f00000,0x00000000f4f00000)
  from space 13312K, 0% used [0x00000000f4f00000,0x00000000f4f00000,0x00000000f5c00000)
  to   space 13312K, 0% used [0x00000000f9180000,0x00000000f9180000,0x00000000f9e80000)
 ParOldGen       total 54784K, used 19602K [0x00000000c1e00000, 0x00000000c5380000, 0x00000000eb500000)
  object space 54784K, 35% used [0x00000000c1e00000,0x00000000c3124820,0x00000000c5380000)
 Metaspace       used 49718K, capacity 51805K, committed 52008K, reserved 1093632K
  class space    used 6679K, capacity 7086K, committed 7208K, reserved 1048576K
Event: 47.985 GC heap after
Heap after GC invocations=14 (full 2):
 PSYoungGen      total 171008K, used 13291K [0x00000000eb500000, 0x00000000f9e80000, 0x0000000100000000)
  eden space 157696K, 0% used [0x00000000eb500000,0x00000000eb500000,0x00000000f4f00000)
  from space 13312K, 99% used [0x00000000f9180000,0x00000000f9e7ac20,0x00000000f9e80000)
  to   space 13312K, 0% used [0x00000000f4f00000,0x00000000f4f00000,0x00000000f5c00000)
 ParOldGen       total 54784K, used 24906K [0x00000000c1e00000, 0x00000000c5380000, 0x00000000eb500000)
  object space 54784K, 45% used [0x00000000c1e00000,0x00000000c3652840,0x00000000c5380000)
 Metaspace       used 49718K, capacity 51805K, committed 52008K, reserved 1093632K
  class space    used 6679K, capacity 7086K, committed 7208K, reserved 1048576K
}

