# JRE version: Java(TM) SE Runtime Environment (8.0_102-b14) (build 1.8.0_102-b14)
# Java VM: Java HotSpot(TM) 64-Bit Server VM (25.102-b14 mixed mode windows-amd64 compressed oops)
Heap:
 PSYoungGen      total 91136K, used 9246K [0x00000000eb500000, 0x00000000f1980000, 0x0000000100000000)
  eden space 83456K, 8% used [0x00000000eb500000,0x00000000ebbcbae8,0x00000000f0680000)
  from space 7680K, 29% used [0x00000000f1200000,0x00000000f143be00,0x00000000f1980000)
  to   space 9728K, 0% used [0x00000000f0680000,0x00000000f0680000,0x00000000f1000000)
 ParOldGen       total 45568K, used 37293K [0x00000000c1e00000, 0x00000000c4a80000, 0x00000000eb500000)
  object space 45568K, 81% used [0x00000000c1e00000,0x00000000c426b520,0x00000000c4a80000)
 Metaspace       used 30170K, capacity 30782K, committed 30976K, reserved 1077248K
  class space    used 3560K, capacity 3801K, committed 3840K, reserved 1048576K
GC Heap History (10 events):
Event: 30.290 GC heap before
{Heap before GC invocations=13 (full 1):
 PSYoungGen      total 34304K, used 26112K [0x00000000eb500000, 0x00000000eef00000, 0x0000000100000000)
  eden space 26112K, 100% used [0x00000000eb500000,0x00000000ece80000,0x00000000ece80000)
  from space 8192K, 0% used [0x00000000ece80000,0x00000000ece80000,0x00000000ed680000)
  to   space 8704K, 0% used [0x00000000ee680000,0x00000000ee680000,0x00000000eef00000)
 ParOldGen       total 45568K, used 19529K [0x00000000c1e00000, 0x00000000c4a80000, 0x00000000eb500000)
  object space 45568K, 42% used [0x00000000c1e00000,0x00000000c3112418,0x00000000c4a80000)
 Metaspace       used 21082K, capacity 21506K, committed 21808K, reserved 1069056K
  class space    used 2527K, capacity 2645K, committed 2688K, reserved 1048576K
Event: 30.300 GC heap after
Heap after GC invocations=13 (full 1):
 PSYoungGen      total 46592K, used 8681K [0x00000000eb500000, 0x00000000eef00000, 0x0000000100000000)
  eden space 37888K, 0% used [0x00000000eb500000,0x00000000eb500000,0x00000000eda00000)
  from space 8704K, 99% used [0x00000000ee680000,0x00000000eeefa688,0x00000000eef00000)
  to   space 10240K, 0% used [0x00000000edb00000,0x00000000edb00000,0x00000000ee500000)
 ParOldGen       total 45568K, used 20163K [0x00000000c1e00000, 0x00000000c4a80000, 0x00000000eb500000)
  object space 45568K, 44% used [0x00000000c1e00000,0x00000000c31b0cb0,0x00000000c4a80000)
 Metaspace       used 21082K, capacity 21506K, committed 21808K, reserved 1069056K
  class space    used 2527K, capacity 2645K, committed 2688K, reserved 1048576K
}
Event: 34.254 GC heap before
{Heap before GC invocations=14 (full 1):
 PSYoungGen      total 46592K, used 46483K [0x00000000eb500000, 0x00000000eef00000, 0x0000000100000000)
  eden space 37888K, 99% used [0x00000000eb500000,0x00000000ed9ea898,0x00000000eda00000)
  from space 8704K, 99% used [0x00000000ee680000,0x00000000eeefa688,0x00000000eef00000)
  to   space 10240K, 0% used [0x00000000edb00000,0x00000000edb00000,0x00000000ee500000)
 ParOldGen       total 45568K, used 20163K [0x00000000c1e00000, 0x00000000c4a80000, 0x00000000eb500000)
  object space 45568K, 44% used [0x00000000c1e00000,0x00000000c31b0cb0,0x00000000c4a80000)
 Metaspace       used 22241K, capacity 22626K, committed 22960K, reserved 1069056K
  class space    used 2667K, capacity 2805K, committed 2816K, reserved 1048576K
Event: 34.525 GC heap after
Heap after GC invocations=14 (full 1):
 PSYoungGen      total 49152K, used 2217K [0x00000000eb500000, 0x00000000f0180000, 0x0000000100000000)
  eden space 38912K, 0% used [0x00000000eb500000,0x00000000eb500000,0x00000000edb00000)
  from space 10240K, 21% used [0x00000000edb00000,0x00000000edd2a620,0x00000000ee500000)
  to   space 10240K, 0% used [0x00000000ef780000,0x00000000ef780000,0x00000000f0180000)
 ParOldGen       total 45568K, used 28822K [0x00000000c1e00000, 0x00000000c4a80000, 0x00000000eb500000)
  object space 45568K, 63% used [0x00000000c1e00000,0x00000000c3a25990,0x00000000c4a80000)
 Metaspace       used 22241K, capacity 22626K, committed 22960K, reserved 1069056K
  class space    used 2667K, capacity 2805K, committed 2816K, reserved 1048576K
}
Event: 40.418 GC heap before
{Heap before GC invocations=15 (full 1):
 PSYoungGen      total 49152K, used 41129K [0x00000000eb500000, 0x00000000f0180000, 0x0000000100000000)
  eden space 38912K, 100% used [0x00000000eb500000,0x00000000edb00000,0x00000000edb00000)
  from space 10240K, 21% used [0x00000000edb00000,0x00000000edd2a620,0x00000000ee500000)
  to   space 10240K, 0% used [0x00000000ef780000,0x00000000ef780000,0x00000000f0180000)
 ParOldGen       total 45568K, used 28822K [0x00000000c1e00000, 0x00000000c4a80000, 0x00000000eb500000)
  object space 45568K, 63% used [0x00000000c1e00000,0x00000000c3a25990,0x00000000c4a80000)
 Metaspace       used 26286K, capacity 26804K, committed 27008K, reserved 1073152K
  class space    used 3156K, capacity 3337K, committed 3456K, reserved 1048576K
Event: 40.450 GC heap after
Heap after GC invocations=15 (full 1):
 PSYoungGen      total 68096K, used 6594K [0x00000000eb500000, 0x00000000f0200000, 0x0000000100000000)
  eden space 57856K, 0% used [0x00000000eb500000,0x00000000eb500000,0x00000000eed80000)
  from space 10240K, 64% used [0x00000000ef780000,0x00000000efdf0868,0x00000000f0180000)
  to   space 10240K, 0% used [0x00000000eed80000,0x00000000eed80000,0x00000000ef780000)
 ParOldGen       total 45568K, used 30337K [0x00000000c1e00000, 0x00000000c4a80000, 0x00000000eb500000)
  object space 45568K, 66% used [0x00000000c1e00000,0x00000000c3ba0650,0x00000000c4a80000)
 Metaspace       used 26286K, capacity 26804K, committed 27008K, reserved 1073152K
  class space    used 3156K, capacity 3337K, committed 3456K, reserved 1048576K
}
Event: 129.443 GC heap before
{Heap before GC invocations=16 (full 1):
 PSYoungGen      total 68096K, used 64450K [0x00000000eb500000, 0x00000000f0200000, 0x0000000100000000)
  eden space 57856K, 100% used [0x00000000eb500000,0x00000000eed80000,0x00000000eed80000)
  from space 10240K, 64% used [0x00000000ef780000,0x00000000efdf0868,0x00000000f0180000)
  to   space 10240K, 0% used [0x00000000eed80000,0x00000000eed80000,0x00000000ef780000)
 ParOldGen       total 45568K, used 30337K [0x00000000c1e00000, 0x00000000c4a80000, 0x00000000eb500000)
  object space 45568K, 66% used [0x00000000c1e00000,0x00000000c3ba0650,0x00000000c4a80000)
 Metaspace       used 28602K, capacity 29164K, committed 29440K, reserved 1075200K
  class space    used 3354K, capacity 3540K, committed 3584K, reserved 1048576K
Event: 129.457 GC heap after
Heap after GC invocations=16 (full 1):
 PSYoungGen      total 68096K, used 4793K [0x00000000eb500000, 0x00000000f1b80000, 0x0000000100000000)
  eden space 57856K, 0% used [0x00000000eb500000,0x00000000eb500000,0x00000000eed80000)
  from space 10240K, 46% used [0x00000000eed80000,0x00000000ef22e728,0x00000000ef780000)
  to   space 9728K, 0% used [0x00000000f1200000,0x00000000f1200000,0x00000000f1b80000)
 ParOldGen       total 45568K, used 34167K [0x00000000c1e00000, 0x00000000c4a80000, 0x00000000eb500000)
  object space 45568K, 74% used [0x00000000c1e00000,0x00000000c3f5dc38,0x00000000c4a80000)
 Metaspace       used 28602K, capacity 29164K, committed 29440K, reserved 1075200K
  class space    used 3354K, capacity 3540K, committed 3584K, reserved 1048576K
}
Event: 172.418 GC heap before
{Heap before GC invocations=17 (full 1):
 PSYoungGen      total 68096K, used 62649K [0x00000000eb500000, 0x00000000f1b80000, 0x0000000100000000)
  eden space 57856K, 100% used [0x00000000eb500000,0x00000000eed80000,0x00000000eed80000)
  from space 10240K, 46% used [0x00000000eed80000,0x00000000ef22e728,0x00000000ef780000)
  to   space 9728K, 0% used [0x00000000f1200000,0x00000000f1200000,0x00000000f1b80000)
 ParOldGen       total 45568K, used 34167K [0x00000000c1e00000, 0x00000000c4a80000, 0x00000000eb500000)
  object space 45568K, 74% used [0x00000000c1e00000,0x00000000c3f5dc38,0x00000000c4a80000)
 Metaspace       used 29566K, capacity 30202K, committed 30464K, reserved 1075200K
  class space    used 3471K, capacity 3717K, committed 3840K, reserved 1048576K
Event: 172.426 GC heap after
Heap after GC invocations=17 (full 1):
 PSYoungGen      total 91136K, used 2287K [0x00000000eb500000, 0x00000000f1980000, 0x0000000100000000)
  eden space 83456K, 0% used [0x00000000eb500000,0x00000000eb500000,0x00000000f0680000)
  from space 7680K, 29% used [0x00000000f1200000,0x00000000f143be00,0x00000000f1980000)
  to   space 9728K, 0% used [0x00000000f0680000,0x00000000f0680000,0x00000000f1000000)
 ParOldGen       total 45568K, used 37293K [0x00000000c1e00000, 0x00000000c4a80000, 0x00000000eb500000)
  object space 45568K, 81% used [0x00000000c1e00000,0x00000000c426b520,0x00000000c4a80000)
 Metaspace       used 29566K, capacity 30202K, committed 30464K, reserved 1075200K
  class space    used 3471K, capacity 3717K, committed 3840K, reserved 1048576K
}

