# JRE version: Java(TM) SE Runtime Environment (8.0_102-b14) (build 1.8.0_102-b14)
# Java VM: Java HotSpot(TM) 64-Bit Server VM (25.102-b14 mixed mode windows-amd64 compressed oops)
Heap:
 PSYoungGen      total 119296K, used 32317K [0x00000000eb500000, 0x00000000f4000000, 0x0000000100000000)
  eden space 111616K, 22% used [0x00000000eb500000,0x00000000ecd130d0,0x00000000f2200000)
  from space 7680K, 99% used [0x00000000f3880000,0x00000000f3ffc718,0x00000000f4000000)
  to   space 8704K, 0% used [0x00000000f2f00000,0x00000000f2f00000,0x00000000f3780000)
 ParOldGen       total 29696K, used 6006K [0x00000000c1e00000, 0x00000000c3b00000, 0x00000000eb500000)
  object space 29696K, 20% used [0x00000000c1e00000,0x00000000c23dda98,0x00000000c3b00000)
 Metaspace       used 24591K, capacity 25344K, committed 25472K, reserved 1071104K
  class space    used 3166K, capacity 3354K, committed 3456K, reserved 1048576K
GC Heap History (10 events):
Event: 1.369 GC heap before
{Heap before GC invocations=5 (full 0):
 PSYoungGen      total 35328K, used 35312K [0x00000000eb500000, 0x00000000eda00000, 0x0000000100000000)
  eden space 32768K, 100% used [0x00000000eb500000,0x00000000ed500000,0x00000000ed500000)
  from space 2560K, 99% used [0x00000000ed780000,0x00000000ed9fc010,0x00000000eda00000)
  to   space 2560K, 0% used [0x00000000ed500000,0x00000000ed500000,0x00000000ed780000)
 ParOldGen       total 44032K, used 1670K [0x00000000c1e00000, 0x00000000c4900000, 0x00000000eb500000)
  object space 44032K, 3% used [0x00000000c1e00000,0x00000000c1fa1ae8,0x00000000c4900000)
 Metaspace       used 13678K, capacity 14062K, committed 14208K, reserved 1060864K
  class space    used 1792K, capacity 1913K, committed 1920K, reserved 1048576K
Event: 1.376 GC heap after
Heap after GC invocations=5 (full 0):
 PSYoungGen      total 35328K, used 2544K [0x00000000eb500000, 0x00000000f0000000, 0x0000000100000000)
  eden space 32768K, 0% used [0x00000000eb500000,0x00000000eb500000,0x00000000ed500000)
  from space 2560K, 99% used [0x00000000ed500000,0x00000000ed77c030,0x00000000ed780000)
  to   space 5632K, 0% used [0x00000000efa80000,0x00000000efa80000,0x00000000f0000000)
 ParOldGen       total 44032K, used 4756K [0x00000000c1e00000, 0x00000000c4900000, 0x00000000eb500000)
  object space 44032K, 10% used [0x00000000c1e00000,0x00000000c22a53c8,0x00000000c4900000)
 Metaspace       used 13678K, capacity 14062K, committed 14208K, reserved 1060864K
  class space    used 1792K, capacity 1913K, committed 1920K, reserved 1048576K
}
Event: 1.652 GC heap before
{Heap before GC invocations=6 (full 0):
 PSYoungGen      total 35328K, used 35312K [0x00000000eb500000, 0x00000000f0000000, 0x0000000100000000)
  eden space 32768K, 100% used [0x00000000eb500000,0x00000000ed500000,0x00000000ed500000)
  from space 2560K, 99% used [0x00000000ed500000,0x00000000ed77c030,0x00000000ed780000)
  to   space 5632K, 0% used [0x00000000efa80000,0x00000000efa80000,0x00000000f0000000)
 ParOldGen       total 44032K, used 4756K [0x00000000c1e00000, 0x00000000c4900000, 0x00000000eb500000)
  object space 44032K, 10% used [0x00000000c1e00000,0x00000000c22a53c8,0x00000000c4900000)
 Metaspace       used 18497K, capacity 18966K, committed 19200K, reserved 1067008K
  class space    used 2373K, capacity 2495K, committed 2560K, reserved 1048576K
Event: 1.659 GC heap after
Heap after GC invocations=6 (full 0):
 PSYoungGen      total 69120K, used 5618K [0x00000000eb500000, 0x00000000f0400000, 0x0000000100000000)
  eden space 63488K, 0% used [0x00000000eb500000,0x00000000eb500000,0x00000000ef300000)
  from space 5632K, 99% used [0x00000000efa80000,0x00000000efffc838,0x00000000f0000000)
  to   space 7680K, 0% used [0x00000000ef300000,0x00000000ef300000,0x00000000efa80000)
 ParOldGen       total 44032K, used 6630K [0x00000000c1e00000, 0x00000000c4900000, 0x00000000eb500000)
  object space 44032K, 15% used [0x00000000c1e00000,0x00000000c2479940,0x00000000c4900000)
 Metaspace       used 18497K, capacity 18966K, committed 19200K, reserved 1067008K
  class space    used 2373K, capacity 2495K, committed 2560K, reserved 1048576K
}
Event: 1.885 GC heap before
{Heap before GC invocations=7 (full 0):
 PSYoungGen      total 69120K, used 19776K [0x00000000eb500000, 0x00000000f0400000, 0x0000000100000000)
  eden space 63488K, 22% used [0x00000000eb500000,0x00000000ec2d3818,0x00000000ef300000)
  from space 5632K, 99% used [0x00000000efa80000,0x00000000efffc838,0x00000000f0000000)
  to   space 7680K, 0% used [0x00000000ef300000,0x00000000ef300000,0x00000000efa80000)
 ParOldGen       total 44032K, used 6630K [0x00000000c1e00000, 0x00000000c4900000, 0x00000000eb500000)
  object space 44032K, 15% used [0x00000000c1e00000,0x00000000c2479940,0x00000000c4900000)
 Metaspace       used 20680K, capacity 21186K, committed 21248K, reserved 1067008K
  class space    used 2663K, capacity 2813K, committed 2816K, reserved 1048576K
Event: 1.893 GC heap after
Heap after GC invocations=7 (full 0):
 PSYoungGen      total 71168K, used 4276K [0x00000000eb500000, 0x00000000f4000000, 0x0000000100000000)
  eden space 63488K, 0% used [0x00000000eb500000,0x00000000eb500000,0x00000000ef300000)
  from space 7680K, 55% used [0x00000000ef300000,0x00000000ef72d058,0x00000000efa80000)
  to   space 7680K, 0% used [0x00000000f3880000,0x00000000f3880000,0x00000000f4000000)
 ParOldGen       total 44032K, used 7646K [0x00000000c1e00000, 0x00000000c4900000, 0x00000000eb500000)
  object space 44032K, 17% used [0x00000000c1e00000,0x00000000c2577878,0x00000000c4900000)
 Metaspace       used 20680K, capacity 21186K, committed 21248K, reserved 1067008K
  class space    used 2663K, capacity 2813K, committed 2816K, reserved 1048576K
}
Event: 1.893 GC heap before
{Heap before GC invocations=8 (full 1):
 PSYoungGen      total 71168K, used 4276K [0x00000000eb500000, 0x00000000f4000000, 0x0000000100000000)
  eden space 63488K, 0% used [0x00000000eb500000,0x00000000eb500000,0x00000000ef300000)
  from space 7680K, 55% used [0x00000000ef300000,0x00000000ef72d058,0x00000000efa80000)
  to   space 7680K, 0% used [0x00000000f3880000,0x00000000f3880000,0x00000000f4000000)
 ParOldGen       total 44032K, used 7646K [0x00000000c1e00000, 0x00000000c4900000, 0x00000000eb500000)
  object space 44032K, 17% used [0x00000000c1e00000,0x00000000c2577878,0x00000000c4900000)
 Metaspace       used 20680K, capacity 21186K, committed 21248K, reserved 1067008K
  class space    used 2663K, capacity 2813K, committed 2816K, reserved 1048576K
Event: 1.926 GC heap after
Heap after GC invocations=8 (full 1):
 PSYoungGen      total 71168K, used 0K [0x00000000eb500000, 0x00000000f4000000, 0x0000000100000000)
  eden space 63488K, 0% used [0x00000000eb500000,0x00000000eb500000,0x00000000ef300000)
  from space 7680K, 0% used [0x00000000ef300000,0x00000000ef300000,0x00000000efa80000)
  to   space 7680K, 0% used [0x00000000f3880000,0x00000000f3880000,0x00000000f4000000)
 ParOldGen       total 29696K, used 5887K [0x00000000c1e00000, 0x00000000c3b00000, 0x00000000eb500000)
  object space 29696K, 19% used [0x00000000c1e00000,0x00000000c23bff50,0x00000000c3b00000)
 Metaspace       used 20680K, capacity 21186K, committed 21248K, reserved 1067008K
  class space    used 2663K, capacity 2813K, committed 2816K, reserved 1048576K
}
Event: 2.701 GC heap before
{Heap before GC invocations=9 (full 1):
 PSYoungGen      total 71168K, used 63479K [0x00000000eb500000, 0x00000000f4000000, 0x0000000100000000)
  eden space 63488K, 99% used [0x00000000eb500000,0x00000000ef2fdf28,0x00000000ef300000)
  from space 7680K, 0% used [0x00000000ef300000,0x00000000ef300000,0x00000000efa80000)
  to   space 7680K, 0% used [0x00000000f3880000,0x00000000f3880000,0x00000000f4000000)
 ParOldGen       total 29696K, used 5887K [0x00000000c1e00000, 0x00000000c3b00000, 0x00000000eb500000)
  object space 29696K, 19% used [0x00000000c1e00000,0x00000000c23bff50,0x00000000c3b00000)
 Metaspace       used 24440K, capacity 25178K, committed 25472K, reserved 1071104K
  class space    used 3145K, capacity 3343K, committed 3456K, reserved 1048576K
Event: 2.724 GC heap after
Heap after GC invocations=9 (full 1):
 PSYoungGen      total 119296K, used 7665K [0x00000000eb500000, 0x00000000f4000000, 0x0000000100000000)
  eden space 111616K, 0% used [0x00000000eb500000,0x00000000eb500000,0x00000000f2200000)
  from space 7680K, 99% used [0x00000000f3880000,0x00000000f3ffc718,0x00000000f4000000)
  to   space 8704K, 0% used [0x00000000f2f00000,0x00000000f2f00000,0x00000000f3780000)
 ParOldGen       total 29696K, used 6006K [0x00000000c1e00000, 0x00000000c3b00000, 0x00000000eb500000)
  object space 29696K, 20% used [0x00000000c1e00000,0x00000000c23dda98,0x00000000c3b00000)
 Metaspace       used 24440K, capacity 25178K, committed 25472K, reserved 1071104K
  class space    used 3145K, capacity 3343K, committed 3456K, reserved 1048576K
}

